-------------------------------------------------------------------------------
Test set: com.mihash.ant_colony.AntColonyApplicationTests
-------------------------------------------------------------------------------
Tests run: 1, Failures: 0, Errors: 1, Skipped: 0, Time elapsed: 0.41 s <<< FAILURE! - in com.mihash.ant_colony.AntColonyApplicationTests
com.mihash.ant_colony.AntColonyApplicationTests  Time elapsed: 0.396 s  <<< ERROR!
java.lang.IllegalStateException: Unable to find a @SpringBootConfiguration, you need to use @ContextConfiguration or @SpringBootTest(classes=...) with your test

