<?xml version="1.0" encoding="UTF-8"?>
<testsuite xmlns:xsi="http://www.w3.org/2001/XMLSchema-instance" xsi:noNamespaceSchemaLocation="https://maven.apache.org/surefire/maven-surefire-plugin/xsd/surefire-test-report.xsd" name="com.mihash.ant_colony.AntColonyApplicationTests" time="0.41" tests="1" errors="1" skipped="0" failures="0">
  <properties>
[...]
</properties>
  <testcase name="com.mihash.ant_colony.AntColonyApplicationTests" classname="com.mihash.ant_colony.AntColonyApplicationTests" time="0.396">
    <error message="Unable to find a @SpringBootConfiguration, you need to use @ContextConfiguration or @SpringBootTest(classes=...) with your test" type="java.lang.IllegalStateException">java.lang.IllegalStateException: Unable to find a @SpringBootConfiguration, you need to use @ContextConfiguration or @SpringBootTest(classes=...) with your test
</error>
    <system-out><![CDATA[15:39:14.498 [main] DEBUG org.springframework.test.context.BootstrapUtils - Instantiating CacheAwareContextLoaderDelegate from class [org.springframework.test.context.cache.DefaultCacheAwareContextLoaderDelegate]
15:39:14.511 [main] DEBUG org.springframework.test.context.BootstrapUtils - Instantiating BootstrapContext using constructor [public org.springframework.test.context.support.DefaultBootstrapContext(java.lang.Class,org.springframework.test.context.CacheAwareContextLoaderDelegate)]
15:39:14.559 [main] DEBUG org.springframework.test.context.BootstrapUtils - Instantiating TestContextBootstrapper for test class [com.mihash.ant_colony.AntColonyApplicationTests] from class [org.springframework.boot.test.context.SpringBootTestContextBootstrapper]
15:39:14.571 [main] INFO org.springframework.boot.test.context.SpringBootTestContextBootstrapper - Neither @ContextConfiguration nor @ContextHierarchy found for test class [com.mihash.ant_colony.AntColonyApplicationTests], using SpringBootContextLoader
15:39:14.576 [main] DEBUG org.springframework.test.context.support.AbstractContextLoader - Did not detect default resource location for test class [com.mihash.ant_colony.AntColonyApplicationTests]: class path resource [com/mihash/ant_colony/AntColonyApplicationTests-context.xml] does not exist
15:39:14.577 [main] DEBUG org.springframework.test.context.support.AbstractContextLoader - Did not detect default resource location for test class [com.mihash.ant_colony.AntColonyApplicationTests]: class path resource [com/mihash/ant_colony/AntColonyApplicationTestsContext.groovy] does not exist
15:39:14.577 [main] INFO org.springframework.test.context.support.AbstractContextLoader - Could not detect default resource locations for test class [com.mihash.ant_colony.AntColonyApplicationTests]: no resource found for suffixes {-context.xml, Context.groovy}.
15:39:14.578 [main] INFO org.springframework.test.context.support.AnnotationConfigContextLoaderUtils - Could not detect default configuration classes for test class [com.mihash.ant_colony.AntColonyApplicationTests]: AntColonyApplicationTests does not declare any static, non-private, non-final, nested classes annotated with @Configuration.
15:39:14.627 [main] DEBUG org.springframework.test.context.support.ActiveProfilesUtils - Could not find an 'annotation declaring class' for annotation type [org.springframework.test.context.ActiveProfiles] and class [com.mihash.ant_colony.AntColonyApplicationTests]
15:39:14.722 [main] DEBUG org.springframework.test.context.BootstrapUtils - Instantiating CacheAwareContextLoaderDelegate from class [org.springframework.test.context.cache.DefaultCacheAwareContextLoaderDelegate]
15:39:14.722 [main] DEBUG org.springframework.test.context.BootstrapUtils - Instantiating BootstrapContext using constructor [public org.springframework.test.context.support.DefaultBootstrapContext(java.lang.Class,org.springframework.test.context.CacheAwareContextLoaderDelegate)]
15:39:14.724 [main] DEBUG org.springframework.test.context.BootstrapUtils - Instantiating TestContextBootstrapper for test class [com.mihash.ant_colony.AntColonyApplicationTests] from class [org.springframework.boot.test.context.SpringBootTestContextBootstrapper]
15:39:14.725 [main] INFO org.springframework.boot.test.context.SpringBootTestContextBootstrapper - Neither @ContextConfiguration nor @ContextHierarchy found for test class [com.mihash.ant_colony.AntColonyApplicationTests], using SpringBootContextLoader
15:39:14.726 [main] DEBUG org.springframework.test.context.support.AbstractContextLoader - Did not detect default resource location for test class [com.mihash.ant_colony.AntColonyApplicationTests]: class path resource [com/mihash/ant_colony/AntColonyApplicationTests-context.xml] does not exist
15:39:14.727 [main] DEBUG org.springframework.test.context.support.AbstractContextLoader - Did not detect default resource location for test class [com.mihash.ant_colony.AntColonyApplicationTests]: class path resource [com/mihash/ant_colony/AntColonyApplicationTestsContext.groovy] does not exist
15:39:14.727 [main] INFO org.springframework.test.context.support.AbstractContextLoader - Could not detect default resource locations for test class [com.mihash.ant_colony.AntColonyApplicationTests]: no resource found for suffixes {-context.xml, Context.groovy}.
15:39:14.728 [main] INFO org.springframework.test.context.support.AnnotationConfigContextLoaderUtils - Could not detect default configuration classes for test class [com.mihash.ant_colony.AntColonyApplicationTests]: AntColonyApplicationTests does not declare any static, non-private, non-final, nested classes annotated with @Configuration.
15:39:14.731 [main] DEBUG org.springframework.test.context.support.ActiveProfilesUtils - Could not find an 'annotation declaring class' for annotation type [org.springframework.test.context.ActiveProfiles] and class [com.mihash.ant_colony.AntColonyApplicationTests]
15:39:14.753 [main] DEBUG org.springframework.test.context.BootstrapUtils - Instantiating CacheAwareContextLoaderDelegate from class [org.springframework.test.context.cache.DefaultCacheAwareContextLoaderDelegate]
15:39:14.753 [main] DEBUG org.springframework.test.context.BootstrapUtils - Instantiating BootstrapContext using constructor [public org.springframework.test.context.support.DefaultBootstrapContext(java.lang.Class,org.springframework.test.context.CacheAwareContextLoaderDelegate)]
15:39:14.754 [main] DEBUG org.springframework.test.context.BootstrapUtils - Instantiating TestContextBootstrapper for test class [com.mihash.ant_colony.AntColonyApplicationTests] from class [org.springframework.boot.test.context.SpringBootTestContextBootstrapper]
15:39:14.755 [main] INFO org.springframework.boot.test.context.SpringBootTestContextBootstrapper - Neither @ContextConfiguration nor @ContextHierarchy found for test class [com.mihash.ant_colony.AntColonyApplicationTests], using SpringBootContextLoader
15:39:14.756 [main] DEBUG org.springframework.test.context.support.AbstractContextLoader - Did not detect default resource location for test class [com.mihash.ant_colony.AntColonyApplicationTests]: class path resource [com/mihash/ant_colony/AntColonyApplicationTests-context.xml] does not exist
15:39:14.756 [main] DEBUG org.springframework.test.context.support.AbstractContextLoader - Did not detect default resource location for test class [com.mihash.ant_colony.AntColonyApplicationTests]: class path resource [com/mihash/ant_colony/AntColonyApplicationTestsContext.groovy] does not exist
15:39:14.757 [main] INFO org.springframework.test.context.support.AbstractContextLoader - Could not detect default resource locations for test class [com.mihash.ant_colony.AntColonyApplicationTests]: no resource found for suffixes {-context.xml, Context.groovy}.
15:39:14.757 [main] INFO org.springframework.test.context.support.AnnotationConfigContextLoaderUtils - Could not detect default configuration classes for test class [com.mihash.ant_colony.AntColonyApplicationTests]: AntColonyApplicationTests does not declare any static, non-private, non-final, nested classes annotated with @Configuration.
15:39:14.760 [main] DEBUG org.springframework.test.context.support.ActiveProfilesUtils - Could not find an 'annotation declaring class' for annotation type [org.springframework.test.context.ActiveProfiles] and class [com.mihash.ant_colony.AntColonyApplicationTests]
]]></system-out>
  </testcase>
</testsuite>